Using pre-set license
Built from '2020.3/staging' branch; Version is '2020.3.21f1 (a38c86f6690f) revision 10718342'; Using compiler version '192528614'; Build Type 'Release'
OS: 'Windows 10 Pro; OS build 19041.1052; Version 2004; 64bit' Language: 'sv' Physical Memory: 16331 MB
BatchMode: 1, IsHumanControllingUs: 0, StartBugReporterOnCrash: 0, Is64bit: 1, IsPro: 0

COMMAND LINE ARGUMENTS:
C:\Program Files\Unity\Hub\Editor\2020.3.21f1\Editor\Unity.exe
-adb2
-batchMode
-noUpm
-name
AssetImportWorker0
-projectPath
C:/Users/nikli/Documents/GitHub/OminousEye/Ominous Eye
-logFile
Logs/AssetImportWorker0.log
-srvPort
64372
Successfully changed project path to: C:/Users/nikli/Documents/GitHub/OminousEye/Ominous Eye
C:/Users/nikli/Documents/GitHub/OminousEye/Ominous Eye
Using Asset Import Pipeline V2.
Refreshing native plugins compatible for Editor in 49.72 ms, found 3 plugins.
Preloading 0 native plugins for Editor in 0.00 ms.
Initialize engine version: 2020.3.21f1 (a38c86f6690f)
[Subsystems] Discovering subsystems at path C:/Program Files/Unity/Hub/Editor/2020.3.21f1/Editor/Data/Resources/UnitySubsystems
[Subsystems] Discovering subsystems at path C:/Users/nikli/Documents/GitHub/OminousEye/Ominous Eye/Assets
GfxDevice: creating device client; threaded=0
Direct3D:
    Version:  Direct3D 11.0 [level 11.1]
    Renderer: NVIDIA GeForce RTX 2070 SUPER (ID=0x1e84)
    Vendor:   
    VRAM:     8011 MB
    Driver:   30.0.14.7141
Initialize mono
Mono path[0] = 'C:/Program Files/Unity/Hub/Editor/2020.3.21f1/Editor/Data/Managed'
Mono path[1] = 'C:/Program Files/Unity/Hub/Editor/2020.3.21f1/Editor/Data/MonoBleedingEdge/lib/mono/unityjit'
Mono config path = 'C:/Program Files/Unity/Hub/Editor/2020.3.21f1/Editor/Data/MonoBleedingEdge/etc'
Using monoOptions --debugger-agent=transport=dt_socket,embedding=1,server=y,suspend=n,address=127.0.0.1:56184
Begin MonoManager ReloadAssembly
Registering precompiled unity dll's ...
Register platform support module: C:/Program Files/Unity/Hub/Editor/2020.3.21f1/Editor/Data/PlaybackEngines/WindowsStandaloneSupport/UnityEditor.WindowsStandalone.Extensions.dll
Registered in 0.002267 seconds.
Native extension for WindowsStandalone target not found
Refreshing native plugins compatible for Editor in 47.19 ms, found 3 plugins.
Preloading 0 native plugins for Editor in 0.00 ms.
Mono: successfully reloaded assembly
- Completed reload, in  1.154 seconds
Domain Reload Profiling:
	ReloadAssembly (1155ms)
		BeginReloadAssembly (55ms)
			ExecutionOrderSort (0ms)
			DisableScriptedObjects (0ms)
			BackupInstance (0ms)
			ReleaseScriptingObjects (0ms)
			CreateAndSetChildDomain (1ms)
		EndReloadAssembly (459ms)
			LoadAssemblies (52ms)
			RebuildTransferFunctionScriptingTraits (0ms)
			SetupTypeCache (155ms)
			ReleaseScriptCaches (0ms)
			RebuildScriptCaches (30ms)
			SetupLoadedEditorAssemblies (176ms)
				LogAssemblyErrors (0ms)
				InitializePlatformSupportModulesInManaged (4ms)
				SetLoadedEditorAssemblies (0ms)
				RefreshPlugins (47ms)
				BeforeProcessingInitializeOnLoad (8ms)
				ProcessInitializeOnLoadAttributes (85ms)
				ProcessInitializeOnLoadMethodAttributes (30ms)
				AfterProcessingInitializeOnLoad (0ms)
				EditorAssembliesLoaded (0ms)
			ExecutionOrderSort2 (0ms)
			AwakeInstancesAfterBackupRestoration (0ms)
Platform modules already initialized, skipping
Registering precompiled user dll's ...
Registered in 0.005553 seconds.
Begin MonoManager ReloadAssembly
Native extension for WindowsStandalone target not found
Refreshing native plugins compatible for Editor in 45.76 ms, found 3 plugins.
Preloading 0 native plugins for Editor in 0.00 ms.
Mono: successfully reloaded assembly
- Completed reload, in  1.142 seconds
Domain Reload Profiling:
	ReloadAssembly (1143ms)
		BeginReloadAssembly (152ms)
			ExecutionOrderSort (0ms)
			DisableScriptedObjects (5ms)
			BackupInstance (0ms)
			ReleaseScriptingObjects (0ms)
			CreateAndSetChildDomain (18ms)
		EndReloadAssembly (921ms)
			LoadAssemblies (96ms)
			RebuildTransferFunctionScriptingTraits (0ms)
			SetupTypeCache (296ms)
			ReleaseScriptCaches (0ms)
			RebuildScriptCaches (47ms)
			SetupLoadedEditorAssemblies (354ms)
				LogAssemblyErrors (0ms)
				InitializePlatformSupportModulesInManaged (4ms)
				SetLoadedEditorAssemblies (0ms)
				RefreshPlugins (46ms)
				BeforeProcessingInitializeOnLoad (71ms)
				ProcessInitializeOnLoadAttributes (208ms)
				ProcessInitializeOnLoadMethodAttributes (17ms)
				AfterProcessingInitializeOnLoad (8ms)
				EditorAssembliesLoaded (0ms)
			ExecutionOrderSort2 (0ms)
			AwakeInstancesAfterBackupRestoration (7ms)
Platform modules already initialized, skipping
========================================================================
Worker process is ready to serve import requests
Launched and connected shader compiler UnityShaderCompiler.exe after 0.05 seconds
Refreshing native plugins compatible for Editor in 0.46 ms, found 3 plugins.
Preloading 0 native plugins for Editor in 0.00 ms.
Unloading 2186 Unused Serialized files (Serialized files now loaded: 0)
System memory in use before: 95.6 MB.
System memory in use after: 95.7 MB.

Unloading 28 unused Assets to reduce memory usage. Loaded Objects now: 2620.
Total: 3.363700 ms (FindLiveObjects: 0.209200 ms CreateObjectMapping: 0.050400 ms MarkObjects: 3.036100 ms  DeleteObjects: 0.066700 ms)

AssetImportParameters requested are different than current active one (requested -> active):
  custom:framework-win-MediaFoundation: 216162199b28c13a410421893ffa2e32 -> 
  custom:video-decoder-ogg-theora: a1e56fd34408186e4bbccfd4996cb3dc -> 
  custom:container-muxer-webm: aa71ff27fc2769a1b78a27578f13a17b -> 
  custom:container-demuxer-webm: 4f35f7cbe854078d1ac9338744f61a02 -> 
  custom:container-demuxer-ogg: 62fdf1f143b41e24485cea50d1cbac27 -> 
  custom:video-encoder-webm-vp8: eb34c28f22e8b96e1ab97ce403110664 -> 
  custom:video-decoder-webm-vp8: 9c59270c3fd7afecdb556c50c9e8de78 -> 
  custom:audio-decoder-ogg-vorbis: bf7c407c2cedff20999df2af8eb42d56 -> 
  custom:audio-encoder-webm-vorbis: bf7c407c2cedff20999df2af8eb42d56 -> 
========================================================================
Received Import Request.
  path: Assets/2021-08-30_-_Boss_Time_-_www.FesliyanStudios.com.mp3
  artifactKey: Guid(fcfb936956f494748bac4f011700020b) Importer(815301076,1909f56bfc062723c751e8b465ee728b)
Start importing Assets/2021-08-30_-_Boss_Time_-_www.FesliyanStudios.com.mp3 using Guid(fcfb936956f494748bac4f011700020b) Importer(815301076,1909f56bfc062723c751e8b465ee728b)  -> (artifact id: 'abf102610dcc25557502a537738f561b') in 0.090316 seconds 
  Import took 0.093826 seconds .

========================================================================
Received Import Request.
  Time since last request: 0.000193 seconds.
  path: Assets/MainMenuCharacter.prefab
  artifactKey: Guid(39733d23749cb4742a3d06058fbedef6) Importer(815301076,1909f56bfc062723c751e8b465ee728b)
Start importing Assets/MainMenuCharacter.prefab using Guid(39733d23749cb4742a3d06058fbedef6) Importer(815301076,1909f56bfc062723c751e8b465ee728b)  -> (artifact id: '4e2a779637f53cbfb28d553f1436a120') in 0.033545 seconds 
  Import took 0.037044 seconds .

========================================================================
Received Import Request.
  Time since last request: 11.779957 seconds.
  path: Assets/Scenes
  artifactKey: Guid(69f8835dedcd7fe4f83c43977d7cf3f1) Importer(815301076,1909f56bfc062723c751e8b465ee728b)
Start importing Assets/Scenes using Guid(69f8835dedcd7fe4f83c43977d7cf3f1) Importer(815301076,1909f56bfc062723c751e8b465ee728b)  -> (artifact id: '31304b89625f38c24b7e05740e06ae36') in 0.006768 seconds 
  Import took 0.009801 seconds .

========================================================================
Received Import Request.
  Time since last request: 1.767921 seconds.
  path: Assets/Scenes/characterAdded.unity
  artifactKey: Guid(8462c2468cc3ebe448be8d07e0090717) Importer(815301076,1909f56bfc062723c751e8b465ee728b)
Start importing Assets/Scenes/characterAdded.unity using Guid(8462c2468cc3ebe448be8d07e0090717) Importer(815301076,1909f56bfc062723c751e8b465ee728b)  -> (artifact id: '48b37bc7a2eb8f4b0047369f0cc00753') in 0.006590 seconds 
  Import took 0.010047 seconds .

========================================================================
Received Import Request.
  Time since last request: 1.421585 seconds.
  path: Assets/Scenes/MainMenu.unity
  artifactKey: Guid(a40078a7768d7a546b13daef6ae7a8bf) Importer(815301076,1909f56bfc062723c751e8b465ee728b)
Start importing Assets/Scenes/MainMenu.unity using Guid(a40078a7768d7a546b13daef6ae7a8bf) Importer(815301076,1909f56bfc062723c751e8b465ee728b)  -> (artifact id: '47bf699e7ecd3741c7d983358c37f174') in 0.007253 seconds 
  Import took 0.010624 seconds .

========================================================================
Received Import Request.
  Time since last request: 2.522811 seconds.
  path: Assets/Scenes/SampleScene.unity
  artifactKey: Guid(2cda990e2423bbf4892e6590ba056729) Importer(815301076,1909f56bfc062723c751e8b465ee728b)
Start importing Assets/Scenes/SampleScene.unity using Guid(2cda990e2423bbf4892e6590ba056729) Importer(815301076,1909f56bfc062723c751e8b465ee728b)  -> (artifact id: 'aa27944bdea339c97c39027c7eea529c') in 0.006415 seconds 
  Import took 0.009440 seconds .

========================================================================
Received Import Request.
  Time since last request: 12.766187 seconds.
  path: Assets/Sprites 1
  artifactKey: Guid(d2fcdd4cd0c2a9f48bcc79ad807ed05e) Importer(815301076,1909f56bfc062723c751e8b465ee728b)
Start importing Assets/Sprites 1 using Guid(d2fcdd4cd0c2a9f48bcc79ad807ed05e) Importer(815301076,1909f56bfc062723c751e8b465ee728b)  -> (artifact id: '8c39773f40e779002cf6919df4889a2e') in 0.006215 seconds 
  Import took 0.009219 seconds .

========================================================================
Received Import Request.
  Time since last request: 2.854304 seconds.
  path: Assets/Sprites
  artifactKey: Guid(40b6d5c8e238164439bed691b8fd162e) Importer(815301076,1909f56bfc062723c751e8b465ee728b)
Start importing Assets/Sprites using Guid(40b6d5c8e238164439bed691b8fd162e) Importer(815301076,1909f56bfc062723c751e8b465ee728b)  -> (artifact id: '9ce5474633c02b1165883c61aa4a64a5') in 0.006018 seconds 
  Import took 0.009380 seconds .

========================================================================
Received Import Request.
  Time since last request: 0.066354 seconds.
  path: Assets/Sprites/BiggerEye.png
  artifactKey: Guid(fd18bcdf96c0e044caeb4aaca5fea025) Importer(815301076,1909f56bfc062723c751e8b465ee728b)
Start importing Assets/Sprites/BiggerEye.png using Guid(fd18bcdf96c0e044caeb4aaca5fea025) Importer(815301076,1909f56bfc062723c751e8b465ee728b)  -> (artifact id: 'a846b0ef3c6abab501c6355b3b1b3f71') in 0.034851 seconds 
  Import took 0.039283 seconds .

========================================================================
Received Import Request.
  Time since last request: 0.000143 seconds.
  path: Assets/Sprites/Tile_0.png
  artifactKey: Guid(f155e37b1109ba941b25df2eaac9d62a) Importer(815301076,1909f56bfc062723c751e8b465ee728b)
Start importing Assets/Sprites/Tile_0.png using Guid(f155e37b1109ba941b25df2eaac9d62a) Importer(815301076,1909f56bfc062723c751e8b465ee728b)  -> (artifact id: 'ea8699e64cd9ae97696c3c96bae364cf') in 0.020663 seconds 
  Import took 0.023413 seconds .

========================================================================
Received Import Request.
  Time since last request: 0.000159 seconds.
  path: Assets/Sprites/LightBandit.png
  artifactKey: Guid(673c638073e9c814fb5e015c6f792499) Importer(815301076,1909f56bfc062723c751e8b465ee728b)
Start importing Assets/Sprites/LightBandit.png using Guid(673c638073e9c814fb5e015c6f792499) Importer(815301076,1909f56bfc062723c751e8b465ee728b)  -> (artifact id: '888ba13858bb6333ab3758f5513003ec') in 0.132807 seconds 
  Import took 0.135899 seconds .

========================================================================
Received Import Request.
  Time since last request: 0.000143 seconds.
  path: Assets/Sprites/EnvironmentTiles.png
  artifactKey: Guid(9f805f1d8d7619d41a981138d2d97785) Importer(815301076,1909f56bfc062723c751e8b465ee728b)
Start importing Assets/Sprites/EnvironmentTiles.png using Guid(9f805f1d8d7619d41a981138d2d97785) Importer(815301076,1909f56bfc062723c751e8b465ee728b)  -> (artifact id: '9db8fd073cda6408676ec6350ffb8ee0') in 0.022184 seconds 
  Import took 0.025323 seconds .

========================================================================
Received Import Request.
  Time since last request: 0.000143 seconds.
  path: Assets/Sprites/Logo.png
  artifactKey: Guid(326efd87c3955e943844482f59220e39) Importer(815301076,1909f56bfc062723c751e8b465ee728b)
Start importing Assets/Sprites/Logo.png using Guid(326efd87c3955e943844482f59220e39) Importer(815301076,1909f56bfc062723c751e8b465ee728b)  -> (artifact id: '41586da1415c573adc1b7bf96b17a5dd') in 0.021410 seconds 
  Import took 0.024539 seconds .

========================================================================
Received Import Request.
  Time since last request: 0.000158 seconds.
  path: Assets/Sprites/ExitFont.png
  artifactKey: Guid(9a8591ba504e7ba4dae75a786906d394) Importer(815301076,1909f56bfc062723c751e8b465ee728b)
Start importing Assets/Sprites/ExitFont.png using Guid(9a8591ba504e7ba4dae75a786906d394) Importer(815301076,1909f56bfc062723c751e8b465ee728b)  -> (artifact id: '0a4b084c0a79155fadb6ccaf78d7d400') in 0.018737 seconds 
  Import took 0.021508 seconds .

========================================================================
Received Import Request.
  Time since last request: 0.000145 seconds.
  path: Assets/Sprites/Healthbar.png
  artifactKey: Guid(dd3c0202f78c05e41a28686a1005057f) Importer(815301076,1909f56bfc062723c751e8b465ee728b)
Start importing Assets/Sprites/Healthbar.png using Guid(dd3c0202f78c05e41a28686a1005057f) Importer(815301076,1909f56bfc062723c751e8b465ee728b)  -> (artifact id: '2a98b130647643837a3f959799599a65') in 0.023486 seconds 
  Import took 0.026292 seconds .

========================================================================
Received Import Request.
  Time since last request: 0.000141 seconds.
  path: Assets/Sprites/Tile_1.png
  artifactKey: Guid(91ddc87ff000cee47b129ed99e0970ac) Importer(815301076,1909f56bfc062723c751e8b465ee728b)
Start importing Assets/Sprites/Tile_1.png using Guid(91ddc87ff000cee47b129ed99e0970ac) Importer(815301076,1909f56bfc062723c751e8b465ee728b)  -> (artifact id: '4fd6adf23631f663aad6252c22994bcb') in 0.020033 seconds 
  Import took 0.023255 seconds .

========================================================================
Received Import Request.
  Time since last request: 0.000146 seconds.
  path: Assets/Sprites/StartFont.png
  artifactKey: Guid(6a4c5931f529feb4d9990f76389152cc) Importer(815301076,1909f56bfc062723c751e8b465ee728b)
Start importing Assets/Sprites/StartFont.png using Guid(6a4c5931f529feb4d9990f76389152cc) Importer(815301076,1909f56bfc062723c751e8b465ee728b)  -> (artifact id: '11d6b3459c022f38060700f6eceef515') in 0.018244 seconds 
  Import took 0.021583 seconds .

========================================================================
Received Import Request.
  Time since last request: 0.000162 seconds.
  path: Assets/Sprites/ExitFont 1.png
  artifactKey: Guid(6fde269ef50203a419844daaf8a2039c) Importer(815301076,1909f56bfc062723c751e8b465ee728b)
Start importing Assets/Sprites/ExitFont 1.png using Guid(6fde269ef50203a419844daaf8a2039c) Importer(815301076,1909f56bfc062723c751e8b465ee728b)  -> (artifact id: 'cef87a29352f9133fb8a753fed035754') in 0.022405 seconds 
  Import took 0.025313 seconds .

========================================================================
Received Import Request.
  Time since last request: 0.000198 seconds.
  path: Assets/Sprites/Tile_2.png
  artifactKey: Guid(b037b7963652a324888b68b78f748686) Importer(815301076,1909f56bfc062723c751e8b465ee728b)
Start importing Assets/Sprites/Tile_2.png using Guid(b037b7963652a324888b68b78f748686) Importer(815301076,1909f56bfc062723c751e8b465ee728b)  -> (artifact id: '939c24d4e971f4a1cde1b4198f1b5eca') in 0.025072 seconds 
  Import took 0.028705 seconds .

========================================================================
Received Import Request.
  Time since last request: 0.000150 seconds.
  path: Assets/Sprites/eye_monster_sprite_sheet.png
  artifactKey: Guid(ff3f1ffd17a62a2489337f2204de60b5) Importer(815301076,1909f56bfc062723c751e8b465ee728b)
Start importing Assets/Sprites/eye_monster_sprite_sheet.png using Guid(ff3f1ffd17a62a2489337f2204de60b5) Importer(815301076,1909f56bfc062723c751e8b465ee728b)  -> (artifact id: '93210ac3f05aa871485dd596fdcbc21b') in 0.096286 seconds 
  Import took 0.099291 seconds .

========================================================================
Received Import Request.
  Time since last request: 0.000147 seconds.
  path: Assets/Sprites/StartFont 1.png
  artifactKey: Guid(d671e4c5938a19d4c9c8a12f660bdac2) Importer(815301076,1909f56bfc062723c751e8b465ee728b)
Start importing Assets/Sprites/StartFont 1.png using Guid(d671e4c5938a19d4c9c8a12f660bdac2) Importer(815301076,1909f56bfc062723c751e8b465ee728b)  -> (artifact id: '5229db8d2544025d045c35382fd8e92a') in 0.027597 seconds 
  Import took 0.030798 seconds .

========================================================================
Received Import Request.
  Time since last request: 0.000165 seconds.
  path: Assets/Sprites/Tile_3.png
  artifactKey: Guid(738913f5f7a853e4fb23572ec59f5fc9) Importer(815301076,1909f56bfc062723c751e8b465ee728b)
Start importing Assets/Sprites/Tile_3.png using Guid(738913f5f7a853e4fb23572ec59f5fc9) Importer(815301076,1909f56bfc062723c751e8b465ee728b)  -> (artifact id: '66079bbf0f5a4d62236908918da376d1') in 0.017236 seconds 
  Import took 0.020459 seconds .

========================================================================
Received Import Request.
  Time since last request: 0.000152 seconds.
  path: Assets/Sprites/HeavyBandit.png
  artifactKey: Guid(c0822b022490eee4ebc951431f1e10fc) Importer(815301076,1909f56bfc062723c751e8b465ee728b)
Start importing Assets/Sprites/HeavyBandit.png using Guid(c0822b022490eee4ebc951431f1e10fc) Importer(815301076,1909f56bfc062723c751e8b465ee728b)  -> (artifact id: '762277311af68c581bc23030739aa1f3') in 0.110183 seconds 
  Import took 0.113292 seconds .

AssetImportWorkerClient::OnTransportError - code=2 error=End of file
